2025-01-15 15:35:24.898 | INFO     | utils.utils_logger:<module>:38 - Logging to file: logs\project_log.log
2025-01-15 15:35:24.902 | INFO     | __main__:main:106 - START producer...
2025-01-15 15:35:24.903 | INFO     | __main__:main:107 - Hit CTRL c (or CMD c) to close.
2025-01-15 15:35:24.903 | INFO     | __main__:get_message_interval:53 - Messages will be sent every 3 seconds.
2025-01-15 15:35:24.904 | INFO     | __main__:main:114 - I just shared a trick! It was weird.
2025-01-15 15:35:27.906 | INFO     | __main__:main:114 - I just found a meme! It was exciting.
2025-01-15 15:35:30.907 | INFO     | __main__:main:114 - I just tried a trick! It was amazing.
2025-01-15 15:35:33.910 | INFO     | __main__:main:114 - I just saw a trick! It was boring.
2025-01-15 15:35:36.912 | INFO     | __main__:main:114 - I just found a trick! It was funny.
2025-01-15 15:35:39.913 | INFO     | __main__:main:114 - I just found a meme! It was boring.
2025-01-15 15:35:42.914 | INFO     | __main__:main:114 - I just tried an app! It was boring.
2025-01-15 15:35:45.916 | INFO     | __main__:main:114 - I just shared a trick! It was funny.
2025-01-15 15:35:48.917 | INFO     | __main__:main:114 - I just found a movie! It was boring.
2025-01-15 15:35:51.918 | INFO     | __main__:main:114 - I just found a story! It was boring.
2025-01-15 15:35:54.920 | INFO     | __main__:main:114 - I just saw a movie! It was weird.
2025-01-15 15:35:57.922 | INFO     | __main__:main:114 - I just shared a trick! It was exciting.
2025-01-15 15:36:00.923 | INFO     | __main__:main:114 - I just saw a trick! It was weird.
2025-01-15 15:36:03.924 | INFO     | __main__:main:114 - I just loved an app! It was funny.
2025-01-15 15:36:06.926 | INFO     | __main__:main:114 - I just found a story! It was weird.
2025-01-15 15:36:09.927 | INFO     | __main__:main:114 - I just saw a meme! It was boring.
2025-01-15 15:36:12.928 | INFO     | __main__:main:114 - I just loved a trick! It was boring.
2025-01-15 15:36:15.929 | INFO     | __main__:main:114 - I just tried a meme! It was weird.
2025-01-15 15:36:18.932 | INFO     | __main__:main:114 - I just saw a meme! It was exciting.
2025-01-15 15:36:21.933 | INFO     | __main__:main:114 - I just found a movie! It was weird.
2025-01-15 15:36:24.935 | INFO     | __main__:main:114 - I just saw an app! It was amazing.
2025-01-15 15:36:27.937 | INFO     | __main__:main:114 - I just tried a movie! It was funny.
2025-01-15 15:36:30.938 | INFO     | __main__:main:114 - I just tried a movie! It was amazing.
2025-01-15 15:36:33.939 | INFO     | __main__:main:114 - I just found an app! It was exciting.
2025-01-15 15:36:36.941 | INFO     | __main__:main:114 - I just tried a movie! It was amazing.
2025-01-15 15:36:39.942 | INFO     | __main__:main:114 - I just tried a story! It was exciting.
2025-01-15 15:36:42.944 | INFO     | __main__:main:114 - I just saw an app! It was exciting.
2025-01-15 15:36:45.946 | INFO     | __main__:main:114 - I just tried a movie! It was funny.
2025-01-15 15:36:48.948 | INFO     | __main__:main:114 - I just tried an app! It was exciting.
2025-01-15 15:36:51.951 | INFO     | __main__:main:114 - I just tried a movie! It was amazing.
2025-01-15 15:36:54.953 | INFO     | __main__:main:114 - I just loved a story! It was funny.
2025-01-15 15:36:57.954 | INFO     | __main__:main:114 - I just saw a meme! It was exciting.
2025-01-15 15:37:00.955 | INFO     | __main__:main:114 - I just loved a movie! It was exciting.
2025-01-15 15:37:03.957 | INFO     | __main__:main:114 - I just saw a trick! It was exciting.
2025-01-15 15:37:06.958 | INFO     | __main__:main:114 - I just shared an app! It was funny.
2025-01-15 15:37:09.959 | INFO     | __main__:main:114 - I just shared a trick! It was funny.
2025-01-15 15:37:12.960 | INFO     | __main__:main:114 - I just saw an app! It was exciting.
2025-01-15 15:37:15.962 | INFO     | __main__:main:114 - I just tried a movie! It was funny.
2025-01-15 15:37:18.963 | INFO     | __main__:main:114 - I just loved a story! It was weird.
2025-01-15 15:37:21.965 | INFO     | __main__:main:114 - I just loved a meme! It was boring.
2025-01-15 15:37:24.968 | INFO     | __main__:main:114 - I just saw a story! It was amazing.
2025-01-15 15:37:27.970 | INFO     | __main__:main:114 - I just tried a movie! It was weird.
2025-01-15 15:37:30.973 | INFO     | __main__:main:114 - I just tried a movie! It was amazing.
2025-01-15 15:37:33.976 | INFO     | __main__:main:114 - I just tried a meme! It was weird.
2025-01-15 15:37:36.978 | INFO     | __main__:main:114 - I just loved a movie! It was boring.
2025-01-15 15:37:39.979 | INFO     | __main__:main:114 - I just shared a story! It was weird.
2025-01-15 15:37:42.982 | INFO     | __main__:main:114 - I just shared a trick! It was funny.
2025-01-15 15:37:45.984 | INFO     | __main__:main:114 - I just saw an app! It was amazing.
2025-01-15 15:37:48.985 | INFO     | __main__:main:114 - I just tried a meme! It was weird.
2025-01-15 15:37:51.987 | INFO     | __main__:main:114 - I just saw a trick! It was funny.
2025-01-15 15:37:54.990 | INFO     | __main__:main:114 - I just loved a movie! It was weird.
2025-01-15 15:37:57.992 | INFO     | __main__:main:114 - I just tried a movie! It was funny.
2025-01-15 15:38:00.993 | INFO     | __main__:main:114 - I just saw a movie! It was weird.
2025-01-15 15:38:03.996 | INFO     | __main__:main:114 - I just saw a trick! It was funny.
2025-01-15 15:38:06.997 | INFO     | __main__:main:114 - I just shared a meme! It was amazing.
2025-01-15 15:38:09.999 | INFO     | __main__:main:114 - I just saw a trick! It was boring.
2025-01-15 15:38:13.001 | INFO     | __main__:main:114 - I just tried an app! It was amazing.
2025-01-15 15:38:16.002 | INFO     | __main__:main:114 - I just tried a story! It was boring.
2025-01-15 15:38:19.004 | INFO     | __main__:main:114 - I just shared a movie! It was weird.
2025-01-15 15:38:22.005 | INFO     | __main__:main:114 - I just shared a movie! It was weird.
2025-01-15 15:38:25.006 | INFO     | __main__:main:114 - I just saw a movie! It was boring.
2025-01-15 15:38:28.007 | INFO     | __main__:main:114 - I just saw a trick! It was boring.
2025-01-15 15:38:31.009 | INFO     | __main__:main:114 - I just found a meme! It was amazing.
2025-01-15 15:38:34.010 | INFO     | __main__:main:114 - I just found a movie! It was amazing.
2025-01-15 15:38:37.012 | INFO     | __main__:main:114 - I just loved an app! It was weird.
2025-01-15 15:38:40.013 | INFO     | __main__:main:114 - I just loved a meme! It was boring.
2025-01-15 15:38:43.014 | INFO     | __main__:main:114 - I just saw a meme! It was exciting.
2025-01-15 15:38:46.016 | INFO     | __main__:main:114 - I just shared a movie! It was weird.
2025-01-15 15:38:49.017 | INFO     | __main__:main:114 - I just tried an app! It was boring.
2025-01-15 15:38:51.693 | INFO     | utils.utils_logger:<module>:38 - Logging to file: logs\project_log.log
2025-01-15 15:38:52.019 | INFO     | __main__:main:114 - I just tried an app! It was funny.
2025-01-15 15:38:55.021 | INFO     | __main__:main:114 - I just tried an app! It was weird.
2025-01-15 15:38:58.022 | INFO     | __main__:main:114 - I just tried an app! It was funny.
2025-01-15 15:39:01.023 | INFO     | __main__:main:114 - I just loved a meme! It was funny.
2025-01-15 15:39:04.024 | INFO     | __main__:main:114 - I just saw a trick! It was amazing.
2025-01-15 15:39:07.025 | INFO     | __main__:main:114 - I just tried an app! It was funny.
2025-01-15 15:39:10.026 | INFO     | __main__:main:114 - I just saw an app! It was amazing.
2025-01-15 15:39:13.027 | INFO     | __main__:main:114 - I just found a movie! It was weird.
2025-01-15 15:39:16.028 | INFO     | __main__:main:114 - I just saw a meme! It was boring.
2025-01-15 15:39:19.029 | INFO     | __main__:main:114 - I just loved a trick! It was exciting.
2025-01-15 15:39:22.030 | INFO     | __main__:main:114 - I just shared a movie! It was funny.
2025-01-15 15:39:25.032 | INFO     | __main__:main:114 - I just tried a trick! It was funny.
2025-01-15 15:39:28.033 | INFO     | __main__:main:114 - I just loved a meme! It was amazing.
2025-01-15 15:39:31.034 | INFO     | __main__:main:114 - I just shared a movie! It was exciting.
2025-01-15 15:39:34.035 | INFO     | __main__:main:114 - I just shared a story! It was weird.
2025-01-15 15:39:37.036 | INFO     | __main__:main:114 - I just shared an app! It was boring.
2025-01-15 15:39:40.037 | INFO     | __main__:main:114 - I just tried a trick! It was weird.
2025-01-15 15:39:43.038 | INFO     | __main__:main:114 - I just tried a story! It was funny.
2025-01-15 15:39:46.040 | INFO     | __main__:main:114 - I just tried a movie! It was weird.
2025-01-15 15:39:49.040 | INFO     | __main__:main:114 - I just found a movie! It was exciting.
2025-01-15 15:39:52.042 | INFO     | __main__:main:114 - I just found an app! It was funny.
2025-01-15 15:39:55.043 | INFO     | __main__:main:114 - I just loved an app! It was boring.
2025-01-15 15:39:58.044 | INFO     | __main__:main:114 - I just saw an app! It was boring.
2025-01-15 15:40:01.045 | INFO     | __main__:main:114 - I just found a story! It was boring.
2025-01-15 15:40:04.046 | INFO     | __main__:main:114 - I just saw a trick! It was funny.
2025-01-15 15:40:07.048 | INFO     | __main__:main:114 - I just found an app! It was exciting.
2025-01-15 15:40:10.049 | INFO     | __main__:main:114 - I just saw a trick! It was boring.
2025-01-15 15:40:13.051 | INFO     | __main__:main:114 - I just loved a story! It was weird.
2025-01-15 15:40:16.052 | INFO     | __main__:main:114 - I just saw a meme! It was amazing.
2025-01-15 15:40:19.054 | INFO     | __main__:main:114 - I just loved a movie! It was amazing.
2025-01-15 15:40:22.055 | INFO     | __main__:main:114 - I just loved a trick! It was exciting.
2025-01-15 15:40:25.056 | INFO     | __main__:main:114 - I just loved a story! It was funny.
2025-01-15 15:40:28.058 | INFO     | __main__:main:114 - I just found a movie! It was weird.
2025-01-15 15:40:31.059 | INFO     | __main__:main:114 - I just found a story! It was exciting.
2025-01-15 15:40:34.061 | INFO     | __main__:main:114 - I just tried a movie! It was exciting.
2025-01-15 15:40:37.062 | INFO     | __main__:main:114 - I just shared an app! It was funny.
2025-01-15 15:40:40.064 | INFO     | __main__:main:114 - I just loved a story! It was funny.
2025-01-15 15:40:43.066 | INFO     | __main__:main:114 - I just loved a meme! It was exciting.
2025-01-15 15:40:43.816 | INFO     | utils.utils_logger:<module>:38 - Logging to file: logs\project_log.log
2025-01-15 15:40:43.817 | INFO     | __main__:main:68 - START...
2025-01-15 15:40:43.818 | INFO     | __main__:main:74 - Reading file located at logs\project_log.log.
2025-01-15 15:40:46.067 | INFO     | __main__:main:114 - I just found an app! It was weird.
2025-01-15 15:40:49.070 | INFO     | __main__:main:114 - I just saw a movie! It was funny.
2025-01-15 15:40:52.073 | INFO     | __main__:main:114 - I just saw a meme! It was funny.
2025-01-15 15:40:55.076 | INFO     | __main__:main:114 - I just tried an app! It was weird.
2025-01-15 15:40:58.078 | INFO     | __main__:main:114 - I just saw a story! It was weird.
2025-01-15 15:41:01.080 | INFO     | __main__:main:114 - I just shared a trick! It was amazing.
2025-01-15 15:41:04.082 | INFO     | __main__:main:114 - I just found a trick! It was weird.
2025-01-15 15:41:07.085 | INFO     | __main__:main:114 - I just saw a story! It was funny.
2025-01-15 15:41:10.087 | INFO     | __main__:main:114 - I just saw a trick! It was boring.
2025-01-15 15:41:13.089 | INFO     | __main__:main:114 - I just found a trick! It was weird.
2025-01-15 15:41:16.091 | INFO     | __main__:main:114 - I just shared an app! It was amazing.
2025-01-15 15:41:19.094 | INFO     | __main__:main:114 - I just loved a movie! It was amazing.
2025-01-15 15:41:22.097 | INFO     | __main__:main:114 - I just saw a story! It was funny.
2025-01-15 15:41:25.099 | INFO     | __main__:main:114 - I just loved a movie! It was weird.
2025-01-15 15:41:28.101 | INFO     | __main__:main:114 - I just tried a story! It was exciting.
2025-01-15 15:41:31.102 | INFO     | __main__:main:114 - I just shared a meme! It was amazing.
2025-01-15 15:41:34.103 | INFO     | __main__:main:114 - I just shared a meme! It was amazing.
2025-01-15 15:41:37.105 | INFO     | __main__:main:114 - I just saw a meme! It was boring.
2025-01-15 15:41:40.106 | INFO     | __main__:main:114 - I just shared a story! It was weird.
2025-01-15 15:41:43.107 | INFO     | __main__:main:114 - I just loved a meme! It was weird.
2025-01-15 15:41:46.108 | INFO     | __main__:main:114 - I just loved a meme! It was exciting.
2025-01-15 15:41:49.109 | INFO     | __main__:main:114 - I just saw a trick! It was funny.
2025-01-15 15:41:52.111 | INFO     | __main__:main:114 - I just loved an app! It was funny.
2025-01-15 15:41:55.113 | INFO     | __main__:main:114 - I just tried a meme! It was weird.
2025-01-15 15:41:58.116 | INFO     | __main__:main:114 - I just found a trick! It was amazing.
2025-01-15 15:42:01.118 | INFO     | __main__:main:114 - I just tried an app! It was exciting.
2025-01-15 15:42:04.119 | INFO     | __main__:main:114 - I just shared a movie! It was funny.
2025-01-15 15:42:07.121 | INFO     | __main__:main:114 - I just found a trick! It was weird.
2025-01-15 15:42:10.122 | INFO     | __main__:main:114 - I just found an app! It was exciting.
2025-01-15 15:42:13.123 | INFO     | __main__:main:114 - I just found an app! It was boring.
2025-01-15 15:42:16.125 | INFO     | __main__:main:114 - I just found a meme! It was boring.
2025-01-15 15:42:19.126 | INFO     | __main__:main:114 - I just tried a meme! It was funny.
2025-01-15 15:42:22.128 | INFO     | __main__:main:114 - I just loved an app! It was exciting.
2025-01-15 15:42:25.129 | INFO     | __main__:main:114 - I just shared a meme! It was weird.
2025-01-15 15:42:28.130 | INFO     | __main__:main:114 - I just loved a movie! It was exciting.
2025-01-15 15:44:10.757 | INFO     | utils.utils_logger:<module>:38 - Logging to file: logs\project_log.log
2025-01-15 15:44:10.758 | INFO     | __main__:main:68 - START...
2025-01-15 15:44:10.760 | INFO     | __main__:main:74 - Reading file located at logs\project_log.log.
2025-01-15 15:45:10.176 | INFO     | utils.utils_logger:<module>:38 - Logging to file: logs\project_log.log
2025-01-15 15:45:10.178 | INFO     | __main__:main:106 - START producer...
2025-01-15 15:45:10.180 | INFO     | __main__:main:107 - Hit CTRL c (or CMD c) to close.
2025-01-15 15:45:10.181 | INFO     | __main__:get_message_interval:53 - Messages will be sent every 3 seconds.
2025-01-15 15:45:10.182 | INFO     | __main__:main:114 - I just shared a trick! It was funny.
2025-01-15 15:45:13.184 | INFO     | __main__:main:114 - I just shared a trick! It was weird.
2025-01-15 15:45:16.187 | INFO     | __main__:main:114 - I just loved an app! It was amazing.
2025-01-15 15:45:19.189 | INFO     | __main__:main:114 - I just found an app! It was exciting.
2025-01-15 15:45:22.191 | INFO     | __main__:main:114 - I just saw a story! It was boring.
2025-01-15 15:45:25.194 | INFO     | __main__:main:114 - I just tried a story! It was amazing.
2025-01-15 15:45:28.196 | INFO     | __main__:main:114 - I just loved a meme! It was boring.
2025-01-15 15:45:31.197 | INFO     | __main__:main:114 - I just saw a story! It was exciting.
2025-01-15 15:45:34.199 | INFO     | __main__:main:114 - I just shared a meme! It was weird.
2025-01-15 15:45:37.200 | INFO     | __main__:main:114 - I just saw a meme! It was boring.
2025-01-15 15:45:40.203 | INFO     | __main__:main:114 - I just tried a meme! It was amazing.
2025-01-15 15:45:43.205 | INFO     | __main__:main:114 - I just tried an app! It was amazing.
2025-01-15 15:45:46.207 | INFO     | __main__:main:114 - I just shared an app! It was funny.
2025-01-15 15:45:49.209 | INFO     | __main__:main:114 - I just shared a trick! It was boring.
2025-01-15 15:45:50.457 | INFO     | utils.utils_logger:<module>:38 - Logging to file: logs\project_log.log
2025-01-15 15:45:50.458 | INFO     | __main__:main:68 - START...
2025-01-15 15:45:50.459 | INFO     | __main__:main:74 - Reading file located at logs\project_log.log.
2025-01-15 15:45:52.211 | INFO     | __main__:main:114 - I just tried a meme! It was funny.
2025-01-15 15:45:55.212 | INFO     | __main__:main:114 - I just saw a story! It was amazing.
2025-01-15 15:45:58.214 | INFO     | __main__:main:114 - I just loved a movie! It was exciting.
2025-01-15 15:46:01.215 | INFO     | __main__:main:114 - I just loved a movie! It was weird.
2025-01-15 15:46:04.216 | INFO     | __main__:main:114 - I just saw an app! It was exciting.
2025-01-15 15:46:07.217 | INFO     | __main__:main:114 - I just loved a movie! It was weird.
2025-01-15 15:46:10.218 | INFO     | __main__:main:114 - I just loved a meme! It was boring.
2025-01-15 15:46:13.219 | INFO     | __main__:main:114 - I just loved a story! It was exciting.
2025-01-15 15:46:16.220 | INFO     | __main__:main:114 - I just found a meme! It was amazing.
2025-01-15 15:46:19.223 | INFO     | __main__:main:114 - I just found a story! It was boring.
2025-01-15 15:46:22.224 | INFO     | __main__:main:114 - I just tried an app! It was exciting.
2025-01-15 15:46:25.226 | INFO     | __main__:main:114 - I just loved a story! It was weird.
2025-01-15 15:46:28.228 | INFO     | __main__:main:114 - I just shared a trick! It was exciting.
2025-01-15 15:46:31.230 | INFO     | __main__:main:114 - I just loved an app! It was boring.
2025-01-15 15:46:34.233 | INFO     | __main__:main:114 - I just shared a meme! It was amazing.
2025-01-15 15:46:37.235 | INFO     | __main__:main:114 - I just tried an app! It was exciting.
2025-01-15 15:46:40.236 | INFO     | __main__:main:114 - I just saw a movie! It was weird.
2025-01-15 15:46:43.238 | INFO     | __main__:main:114 - I just tried a story! It was amazing.
2025-01-15 15:46:46.240 | INFO     | __main__:main:114 - I just shared a trick! It was amazing.
2025-01-15 15:46:49.241 | INFO     | __main__:main:114 - I just tried a story! It was boring.
2025-01-15 15:46:52.243 | INFO     | __main__:main:114 - I just tried an app! It was boring.
2025-01-15 15:46:55.244 | INFO     | __main__:main:114 - I just found a meme! It was funny.
2025-01-15 15:46:58.245 | INFO     | __main__:main:114 - I just tried a movie! It was exciting.
2025-01-15 15:47:01.247 | INFO     | __main__:main:114 - I just tried a meme! It was amazing.
2025-01-15 15:47:04.249 | INFO     | __main__:main:114 - I just shared an app! It was weird.
2025-01-15 15:47:07.251 | INFO     | __main__:main:114 - I just tried a movie! It was boring.
2025-01-15 15:47:10.252 | INFO     | __main__:main:114 - I just loved an app! It was amazing.
2025-01-15 15:47:13.253 | INFO     | __main__:main:114 - I just shared a trick! It was weird.
2025-01-15 15:47:16.257 | INFO     | __main__:main:114 - I just shared an app! It was boring.
2025-01-15 15:47:19.260 | INFO     | __main__:main:114 - I just loved a meme! It was exciting.
